proguard-project.txt

-include /Users/benlister/android-sdks/tools/proguard/proguard-android.txt
-include proguard-play-services.pro

## uncomment for CLI use
#-injars bin/classes
#-injars /Users/benlister/git/GlassFitPlatform/bin/glassfitplatform.jar  #want to include obfuscated code from here too
#-libraryjars /Users/benlister/git/GlassFitPlatform/libs
#-outjars release/RaceYourselfGearEdition_Proguard.jar

-libraryjars libs/accessorysdk.jar
-libraryjars /Users/benlister/android-sdks/platforms/android-15/android.jar
-libraryjars /Users/benlister/android-sdks/extras/google/google_play_services/libproject/google-play-services_lib/libs/google-play-services.jar


## comment for CLI use
-libraryjars <java.home>/bundle/Classes/classes.jar

-keep class com.raceyourself.android.samsung.PopupActivity  {*;}
-keep class com.raceyourself.android.samsung.ProviderService {*;}
-keep class com.raceyourself.android.samsung.ProviderService$RaceYourselfSamsungProviderConnection {*;}

-keep class com.glassfitgames.glassfitplatform.models.* {*;}
-keep class com.glassfitgames.glassfitplatform.models$* {*;}
-keep class com.glassfitgames.glassfitplatform.gpstracker.SyncHelper {*;}
-keep class com.glassfitgames.glassfitplatform.gpstracker.SyncHelper$* {*;}
-keep class com.glassfitgames.glassfitplatform.auth.AuthenticationActivity {*;}

-keep class com.samsung.** {*;}
-keep class com.roscopeco.ormdroid.* {*;}
-keep class com.fasterxml.** {*;}
-keep class org.simpleframework.** {*;}
#-keep class org.apache.** {*;}
-keep class org.simpleframework.** {*;}
#-keep class com.google.** {*;}

-keepattributes *Annotation*
-keepattributes InnerClasses
-keepattributes Signature

#-dontobfuscate
-dontskipnonpubliclibraryclassmembers

-dontwarn com.google.android.gms.**