proguard/seeds.txt
com.raceyourself.samsungprovider.R$attr: int adSize
com.raceyourself.samsungprovider.R$attr: int adSizes
com.raceyourself.samsungprovider.R$attr: int adUnitId
com.raceyourself.samsungprovider.R$attr: int cameraBearing
com.raceyourself.samsungprovider.R$attr: int cameraTargetLat
com.raceyourself.samsungprovider.R$attr: int cameraTargetLng
com.raceyourself.samsungprovider.R$attr: int cameraTilt
com.raceyourself.samsungprovider.R$attr: int cameraZoom
com.raceyourself.samsungprovider.R$attr: int mapType
com.raceyourself.samsungprovider.R$attr: int uiCompass
com.raceyourself.samsungprovider.R$attr: int uiRotateGestures
com.raceyourself.samsungprovider.R$attr: int uiScrollGestures
com.raceyourself.samsungprovider.R$attr: int uiTiltGestures
com.raceyourself.samsungprovider.R$attr: int uiZoomControls
com.raceyourself.samsungprovider.R$attr: int uiZoomGestures
com.raceyourself.samsungprovider.R$attr: int useViewLifecycle
com.raceyourself.samsungprovider.R$attr: int zOrderOnTop
com.raceyourself.samsungprovider.R$color: int common_action_bar_splitter
com.raceyourself.samsungprovider.R$color: int common_signin_btn_dark_text_default
com.raceyourself.samsungprovider.R$color: int common_signin_btn_dark_text_disabled
com.raceyourself.samsungprovider.R$color: int common_signin_btn_dark_text_focused
com.raceyourself.samsungprovider.R$color: int common_signin_btn_dark_text_pressed
com.raceyourself.samsungprovider.R$color: int common_signin_btn_default_background
com.raceyourself.samsungprovider.R$color: int common_signin_btn_light_text_default
com.raceyourself.samsungprovider.R$color: int common_signin_btn_light_text_disabled
com.raceyourself.samsungprovider.R$color: int common_signin_btn_light_text_focused
com.raceyourself.samsungprovider.R$color: int common_signin_btn_light_text_pressed
com.raceyourself.samsungprovider.R$color: int common_signin_btn_text_dark
com.raceyourself.samsungprovider.R$color: int common_signin_btn_text_light
com.raceyourself.samsungprovider.R$dimen: int activity_horizontal_margin
com.raceyourself.samsungprovider.R$dimen: int activity_vertical_margin
com.raceyourself.samsungprovider.R$drawable: int common_signin_btn_icon_dark
com.raceyourself.samsungprovider.R$drawable: int common_signin_btn_icon_disabled_dark
com.raceyourself.samsungprovider.R$drawable: int common_signin_btn_icon_disabled_focus_dark
com.raceyourself.samsungprovider.R$drawable: int common_signin_btn_icon_disabled_focus_light
com.raceyourself.samsungprovider.R$drawable: int common_signin_btn_icon_disabled_light
com.raceyourself.samsungprovider.R$drawable: int common_signin_btn_icon_focus_dark
com.raceyourself.samsungprovider.R$drawable: int common_signin_btn_icon_focus_light
com.raceyourself.samsungprovider.R$drawable: int common_signin_btn_icon_light
com.raceyourself.samsungprovider.R$drawable: int common_signin_btn_icon_normal_dark
com.raceyourself.samsungprovider.R$drawable: int common_signin_btn_icon_normal_light
com.raceyourself.samsungprovider.R$drawable: int common_signin_btn_icon_pressed_dark
com.raceyourself.samsungprovider.R$drawable: int common_signin_btn_icon_pressed_light
com.raceyourself.samsungprovider.R$drawable: int common_signin_btn_text_dark
com.raceyourself.samsungprovider.R$drawable: int common_signin_btn_text_disabled_dark
com.raceyourself.samsungprovider.R$drawable: int common_signin_btn_text_disabled_focus_dark
com.raceyourself.samsungprovider.R$drawable: int common_signin_btn_text_disabled_focus_light
com.raceyourself.samsungprovider.R$drawable: int common_signin_btn_text_disabled_light
...
com.fasterxml.jackson.core.sym.BytesToNameCanonicalizer
com.fasterxml.jackson.core.sym.BytesToNameCanonicalizer: int DEFAULT_TABLE_SIZE
com.fasterxml.jackson.core.sym.BytesToNameCanonicalizer: int MAX_TABLE_SIZE
com.fasterxml.jackson.core.sym.BytesToNameCanonicalizer: int MAX_ENTRIES_FOR_REUSE
com.fasterxml.jackson.core.sym.BytesToNameCanonicalizer: int MAX_COLL_CHAIN_LENGTH
com.fasterxml.jackson.core.sym.BytesToNameCanonicalizer: int MAX_COLL_CHAIN_FOR_REUSE
com.fasterxml.jackson.core.sym.BytesToNameCanonicalizer: int MIN_HASH_SIZE
com.fasterxml.jackson.core.sym.BytesToNameCanonicalizer: int INITIAL_COLLISION_LEN
com.fasterxml.jackson.core.sym.BytesToNameCanonicalizer: int LAST_VALID_BUCKET
com.fasterxml.jackson.core.sym.BytesToNameCanonicalizer: com.fasterxml.jackson.core.sym.BytesToNameCanonicalizer _parent
com.fasterxml.jackson.core.sym.BytesToNameCanonicalizer: java.util.concurrent.atomic.AtomicReference _tableInfo
com.fasterxml.jackson.core.sym.BytesToNameCanonicalizer: int _hashSeed
com.fasterxml.jackson.core.sym.BytesToNameCanonicalizer: boolean _intern
com.fasterxml.jackson.core.sym.BytesToNameCanonicalizer: int _count
com.fasterxml.jackson.core.sym.BytesToNameCanonicalizer: int _longestCollisionList
com.fasterxml.jackson.core.sym.BytesToNameCanonicalizer: int _mainHashMask
com.fasterxml.jackson.core.sym.BytesToNameCanonicalizer: int[] _mainHash
com.fasterxml.jackson.core.sym.BytesToNameCanonicalizer: com.fasterxml.jackson.core.sym.Name[] _mainNames
com.fasterxml.jackson.core.sym.BytesToNameCanonicalizer$Bucket
com.fasterxml.jackson.core.sym.BytesToNameCanonicalizer$Bucket: com.fasterxml.jackson.core.sym.Name _name
com.fasterxml.jackson.core.sym.BytesToNameCanonicalizer$Bucket: com.fasterxml.jackson.core.sym.BytesToNameCanonicalizer$Bucket _next
com.fasterxml.jackson.core.sym.BytesToNameCanonicalizer$Bucket: int _length
com.fasterxml.jackson.core.sym.BytesToNameCanonicalizer$Bucket: BytesToNameCanonicalizer$Bucket(com.fasterxml.jackson.core.sym.Name,com.fasterxml.jackson.core.sym.BytesToNameCanonicalizer$Bucket)
com.fasterxml.jackson.core.sym.BytesToNameCanonicalizer$Bucket: int length()
com.fasterxml.jackson.core.sym.BytesToNameCanonicalizer$Bucket: com.fasterxml.jackson.core.sym.Name find(int,int,int)
com.fasterxml.jackson.core.sym.BytesToNameCanonicalizer$Bucket: com.fasterxml.jackson.core.sym.Name find(int,int[],int)
com.fasterxml.jackson.core.sym.BytesToNameCanonicalizer$TableInfo
com.fasterxml.jackson.core.sym.BytesToNameCanonicalizer$TableInfo: int count
com.fasterxml.jackson.core.sym.BytesToNameCanonicalizer$TableInfo: int mainHashMask
com.fasterxml.jackson.core.sym.BytesToNameCanonicalizer$TableInfo: int[] mainHash
com.fasterxml.jackson.core.sym.BytesToNameCanonicalizer$TableInfo: com.fasterxml.jackson.core.sym.Name[] mainNames
com.fasterxml.jackson.core.sym.BytesToNameCanonicalizer$TableInfo: com.fasterxml.jackson.core.sym.BytesToNameCanonicalizer$Bucket[] collList
com.fasterxml.jackson.core.sym.BytesToNameCanonicalizer$TableInfo: int collCount
com.fasterxml.jackson.core.sym.BytesToNameCanonicalizer$TableInfo: int collEnd
com.fasterxml.jackson.core.sym.BytesToNameCanonicalizer$TableInfo: int longestCollisionList
com.fasterxml.jackson.core.sym.BytesToNameCanonicalizer$TableInfo: BytesToNameCanonicalizer$TableInfo(int,int,int[],com.fasterxml.jackson.core.sym.Name[],com.fasterxml.jackson.core.sym.BytesToNameCanonicalizer$Bucket[],int,int,int)
com.fasterxml.jackson.core.sym.BytesToNameCanonicalizer$TableInfo: BytesToNameCanonicalizer$TableInfo(com.fasterxml.jackson.core.sym.BytesToNameCanonicalizer)