proguard/mapping.txt
com.google.android.gms.games.multiplayer.turnbased.TurnBasedMatchEntity -> com.google.android.gms.games.multiplayer.turnbased.TurnBasedMatchEntity:
    com.google.android.gms.games.multiplayer.turnbased.TurnBasedMatchEntityCreator CREATOR -> CREATOR
    int kg -> b
    com.google.android.gms.games.GameEntity wj -> c
    java.lang.String ul -> d
    java.lang.String wL -> e
    long wk -> f
    java.lang.String wU -> g
    long wV -> h
    java.lang.String wW -> i
    int wX -> j
    int wo -> k
    int wY -> l
    byte[] wZ -> m
    java.util.ArrayList wn -> n
    java.lang.String xa -> o
    byte[] xb -> p
    int xc -> q
    android.os.Bundle wH -> r
    int xd -> s
    boolean xe -> t
    int getVersionCode() -> u
    com.google.android.gms.games.Game getGame() -> b
    java.lang.String getMatchId() -> c
    java.lang.String getCreatorId() -> d
    long getCreationTimestamp() -> e
    java.lang.String getLastUpdaterId() -> i
    long getLastUpdatedTimestamp() -> k
    java.lang.String getPendingParticipantId() -> l
    int getStatus() -> f
    int getTurnStatus() -> g
    int getVariant() -> h
    byte[] getData() -> m
    int getVersion() -> n
    java.lang.String getRematchId() -> o
    byte[] getPreviousMatchData() -> p
    int getMatchNumber() -> q
    android.os.Bundle getAutoMatchCriteria() -> r
    int getAvailableAutoMatchSlots() -> s
    boolean isLocallyModified() -> t
    java.util.ArrayList getParticipants() -> j
com.google.android.gms.games.multiplayer.turnbased.TurnBasedMatchEntityCreator -> com.google.android.gms.games.multiplayer.turnbased.c:
    com.google.android.gms.games.multiplayer.turnbased.TurnBasedMatchEntity createFromParcel(android.os.Parcel) -> a
    com.google.android.gms.games.multiplayer.turnbased.TurnBasedMatchEntity[] newArray(int) -> a
    void a(com.google.android.gms.games.multiplayer.turnbased.TurnBasedMatchEntity,android.os.Parcel,int) -> a
    java.lang.Object[] newArray(int) -> newArray
    java.lang.Object createFromParcel(android.os.Parcel) -> createFromParcel
com.google.android.gms.games.multiplayer.turnbased.a -> com.google.android.gms.games.multiplayer.turnbased.a:
    com.google.android.gms.games.Game vG -> c
    int vH -> d
    com.google.android.gms.games.Game getGame() -> b
    java.lang.String getMatchId() -> c
    java.lang.String getCreatorId() -> d
    long getCreationTimestamp() -> e
    int getStatus() -> f
    int getTurnStatus() -> g
    int getVariant() -> h
    java.util.ArrayList getParticipants() -> j
    java.lang.String getLastUpdaterId() -> i
    long getLastUpdatedTimestamp() -> k
    java.lang.String getPendingParticipantId() -> l
    byte[] getData() -> m
    int getVersion() -> n
    java.lang.String getRematchId() -> o
    byte[] getPreviousMatchData() -> p
    int getMatchNumber() -> q
    android.os.Bundle getAutoMatchCriteria() -> r
    int getAvailableAutoMatchSlots() -> s
    boolean isLocallyModified() -> t
    com.google.android.gms.games.multiplayer.turnbased.TurnBasedMatch freeze() -> u
    int hashCode() -> hashCode
    boolean equals(java.lang.Object) -> equals
    java.lang.String toString() -> toString
    int describeContents() -> describeContents
    void writeToParcel(android.os.Parcel,int) -> writeToParcel
    java.lang.Object freeze() -> a
com.google.android.gms.internal.ai -> com.google.android.gms.internal.ai:
    com.google.android.gms.internal.aj CREATOR -> CREATOR
    int versionCode -> a
    int eZ -> b
    int backgroundColor -> c
    int fa -> d
    int fb -> e
    int fc -> f
    int fd -> g
    int fe -> h
    int ff -> i
    java.lang.String fg -> j
    int fh -> k
    java.lang.String fi -> l
    int fj -> m
    int fk -> n
    java.lang.String fl -> o
    int describeContents() -> describeContents
    void writeToParcel(android.os.Parcel,int) -> writeToParcel