proguard/usage.txt
com.raceyourself.samsungprovider.BuildConfig
com.raceyourself.samsungprovider.R
com.raceyourself.samsungprovider.R$attr
com.raceyourself.samsungprovider.R$color
com.raceyourself.samsungprovider.R$dimen
com.raceyourself.samsungprovider.R$drawable
com.raceyourself.samsungprovider.R$id
com.raceyourself.samsungprovider.R$integer
com.raceyourself.samsungprovider.R$layout
com.raceyourself.samsungprovider.R$menu
com.raceyourself.samsungprovider.R$raw
com.raceyourself.samsungprovider.R$string
com.raceyourself.samsungprovider.R$style
com.raceyourself.samsungprovider.R$styleable
com.raceyourself.samsungprovider.R$xml
...
org.apache.commons.lang3.time.FastDateFormat
org.apache.commons.lang3.time.FastDateFormat$1
org.apache.commons.lang3.time.FastDateFormat$CharacterLiteral
org.apache.commons.lang3.time.FastDateFormat$NumberRule
org.apache.commons.lang3.time.FastDateFormat$PaddedNumberField
org.apache.commons.lang3.time.FastDateFormat$Rule
org.apache.commons.lang3.time.FastDateFormat$StringLiteral
org.apache.commons.lang3.time.FastDateFormat$TextField
org.apache.commons.lang3.time.FastDateFormat$TimeZoneDisplayKey
org.apache.commons.lang3.time.FastDateFormat$TimeZoneNameRule
org.apache.commons.lang3.time.FastDateFormat$TimeZoneNumberRule
org.apache.commons.lang3.time.FastDateFormat$TwelveHourField
org.apache.commons.lang3.time.FastDateFormat$TwentyFourHourField
org.apache.commons.lang3.time.FastDateFormat$TwoDigitMonthField
org.apache.commons.lang3.time.FastDateFormat$TwoDigitNumberField
org.apache.commons.lang3.time.FastDateFormat$TwoDigitYearField
org.apache.commons.lang3.time.FastDateFormat$UnpaddedMonthField
org.apache.commons.lang3.time.FastDateFormat$UnpaddedNumberField
org.apache.commons.lang3.time.FormatCache
org.apache.commons.lang3.time.FormatCache$MultipartKey
org.apache.commons.lang3.time.StopWatch
org.apache.commons.lang3.tuple.ImmutablePair
org.apache.commons.lang3.tuple.MutablePair
org.apache.commons.lang3.tuple.Pair
org.apache.commons.math3.Field
org.apache.commons.math3.FieldElement
org.apache.commons.math3.RealFieldElement
org.apache.commons.math3.analysis.BivariateFunction
org.apache.commons.math3.analysis.DifferentiableMultivariateFunction
org.apache.commons.math3.analysis.DifferentiableMultivariateVectorFunction
org.apache.commons.math3.analysis.DifferentiableUnivariateFunction
org.apache.commons.math3.analysis.DifferentiableUnivariateMatrixFunction
org.apache.commons.math3.analysis.DifferentiableUnivariateVectorFunction
org.apache.commons.math3.analysis.FunctionUtils
org.apache.commons.math3.analysis.FunctionUtils$1
org.apache.commons.math3.analysis.FunctionUtils$10
org.apache.commons.math3.analysis.FunctionUtils$11
org.apache.commons.math3.analysis.FunctionUtils$12
org.apache.commons.math3.analysis.FunctionUtils$13
org.apache.commons.math3.analysis.FunctionUtils$14
org.apache.commons.math3.analysis.FunctionUtils$14$1
org.apache.commons.math3.analysis.FunctionUtils$15
org.apache.commons.math3.analysis.FunctionUtils$16
org.apache.commons.math3.analysis.FunctionUtils$16$1
org.apache.commons.math3.analysis.FunctionUtils$16$2
org.apache.commons.math3.analysis.FunctionUtils$17
org.apache.commons.math3.analysis.FunctionUtils$18
org.apache.commons.math3.analysis.FunctionUtils$18$1
org.apache.commons.math3.analysis.FunctionUtils$19
org.apache.commons.math3.analysis.FunctionUtils$2
org.apache.commons.math3.analysis.FunctionUtils$3
org.apache.commons.math3.analysis.FunctionUtils$3$1
org.apache.commons.math3.analysis.FunctionUtils$4
org.apache.commons.math3.analysis.FunctionUtils$5
org.apache.commons.math3.analysis.FunctionUtils$6
org.apache.commons.math3.analysis.FunctionUtils$6$1
org.apache.commons.math3.analysis.FunctionUtils$7
org.apache.commons.math3.analysis.FunctionUtils$8
org.apache.commons.math3.analysis.FunctionUtils$9
org.apache.commons.math3.analysis.FunctionUtils$9$1
org.apache.commons.math3.analysis.MultivariateFunction
org.apache.commons.math3.analysis.MultivariateMatrixFunction
org.apache.commons.math3.analysis.MultivariateVectorFunction
org.apache.commons.math3.analysis.ParametricUnivariateFunction
org.apache.commons.math3.analysis.TrivariateFunction
org.apache.commons.math3.analysis.UnivariateFunction
org.apache.commons.math3.analysis.UnivariateMatrixFunction
org.apache.commons.math3.analysis.UnivariateVectorFunction
org.apache.commons.math3.analysis.differentiation.DSCompiler
org.apache.commons.math3.analysis.differentiation.DerivativeStructure
org.apache.commons.math3.analysis.differentiation.DerivativeStructure$1
org.apache.commons.math3.analysis.differentiation.DerivativeStructure$DataTransferObject